2023-02-06 15:36:30.085  INFO 2568 --- [main] com.checkmarx.flow.CxFlowApplication     : Starting CxFlowApplication using Java 19.0.2 on B2-PLIUSCH with PID 2568 (C:\Users\Eduard.Pliushch\projects\bookstore\CxFlow\cx-flow-1.6.39.jar started by Eduard.Pliushch in C:\Users\Eduard.Pliushch\projects\bookstore\CxFlow)
2023-02-06 15:36:30.120  INFO 2568 --- [main] com.checkmarx.flow.CxFlowApplication     : No active profile set, falling back to 1 default profile: "default"
2023-02-06 15:36:30.759  INFO 2568 --- [main] .e.DevToolsPropertyDefaultsPostProcessor : For additional web related logging consider setting the 'logging.level.web' property to 'DEBUG'
2023-02-06 15:36:33.294  INFO 2568 --- [main] ptablePropertiesBeanFactoryPostProcessor : Post-processing PropertySource instances
2023-02-06 15:36:33.436  INFO 2568 --- [main] c.u.j.EncryptablePropertySourceConverter : Converting PropertySource configurationProperties [org.springframework.boot.context.properties.source.ConfigurationPropertySourcesPropertySource] to AOP Proxy
2023-02-06 15:36:33.441  INFO 2568 --- [main] c.u.j.EncryptablePropertySourceConverter : Converting PropertySource commandLineArgs [org.springframework.core.env.SimpleCommandLinePropertySource] to EncryptableEnumerablePropertySourceWrapper
2023-02-06 15:36:33.442  INFO 2568 --- [main] c.u.j.EncryptablePropertySourceConverter : Converting PropertySource servletConfigInitParams [org.springframework.core.env.PropertySource$StubPropertySource] to EncryptablePropertySourceWrapper
2023-02-06 15:36:33.443  INFO 2568 --- [main] c.u.j.EncryptablePropertySourceConverter : Converting PropertySource servletContextInitParams [org.springframework.core.env.PropertySource$StubPropertySource] to EncryptablePropertySourceWrapper
2023-02-06 15:36:33.444  INFO 2568 --- [main] c.u.j.EncryptablePropertySourceConverter : Converting PropertySource systemProperties [org.springframework.core.env.PropertiesPropertySource] to EncryptableMapPropertySourceWrapper
2023-02-06 15:36:33.445  INFO 2568 --- [main] c.u.j.EncryptablePropertySourceConverter : Converting PropertySource systemEnvironment [org.springframework.boot.env.SystemEnvironmentPropertySourceEnvironmentPostProcessor$OriginAwareSystemEnvironmentPropertySource] to EncryptableSystemEnvironmentPropertySourceWrapper
2023-02-06 15:36:33.445  INFO 2568 --- [main] c.u.j.EncryptablePropertySourceConverter : Converting PropertySource random [org.springframework.boot.env.RandomValuePropertySource] to EncryptablePropertySourceWrapper
2023-02-06 15:36:33.446  INFO 2568 --- [main] c.u.j.EncryptablePropertySourceConverter : Converting PropertySource Config resource 'file [C:\Users\Eduard.Pliushch\projects\bookstore1\CxFlow\application.yml]' via location 'C:\Users\Eduard.Pliushch\projects\bookstore1\CxFlow\application.yml' [org.springframework.boot.env.OriginTrackedMapPropertySource] to EncryptableMapPropertySourceWrapper
2023-02-06 15:36:33.606  INFO 2568 --- [main] c.u.j.filter.DefaultLazyPropertyFilter   : Property Filter custom Bean not found with name 'encryptablePropertyFilter'. Initializing Default Property Filter
2023-02-06 15:36:33.622  INFO 2568 --- [main] trationDelegate$BeanPostProcessorChecker : Bean 'org.springframework.ws.config.annotation.DelegatingWsConfiguration' of type [org.springframework.ws.config.annotation.DelegatingWsConfiguration$$EnhancerBySpringCGLIB$$e591367b] is not eligible for getting processed by all BeanPostProcessors (for example: not eligible for auto-proxying)
2023-02-06 15:36:33.715  INFO 2568 --- [main] .w.s.a.s.AnnotationActionEndpointMapping : Supporting [WS-Addressing August 2004, WS-Addressing 1.0]
2023-02-06 15:36:34.702  INFO 2568 --- [main] o.s.b.w.embedded.tomcat.TomcatWebServer  : Tomcat initialized with port(s): 8982 (http)
2023-02-06 15:36:34.723  INFO 2568 --- [main] o.apache.catalina.core.StandardService   : Starting service [Tomcat]
2023-02-06 15:36:34.727  INFO 2568 --- [main] org.apache.catalina.core.StandardEngine  : Starting Servlet engine: [Apache Tomcat/9.0.68]
2023-02-06 15:36:34.935  INFO 2568 --- [main] o.a.c.c.C.[Tomcat].[localhost].[/]       : Initializing Spring embedded WebApplicationContext
2023-02-06 15:36:34.935  INFO 2568 --- [main] w.s.c.ServletWebServerApplicationContext : Root WebApplicationContext: initialization completed in 4171 ms
2023-02-06 15:36:35.231  INFO 2568 --- [main] c.u.j.r.DefaultLazyPropertyResolver      : Property Resolver custom Bean not found with name 'encryptablePropertyResolver'. Initializing Default Property Resolver
2023-02-06 15:36:35.240  INFO 2568 --- [main] c.u.j.d.DefaultLazyPropertyDetector      : Property Detector custom Bean not found with name 'encryptablePropertyDetector'. Initializing Default Property Detector
2023-02-06 15:36:35.486  WARN 2568 --- [main] javax.persistence.spi                    : javax.persistence.spi::No valid providers found.
2023-02-06 15:36:36.835  WARN 2568 --- [main] ConfigServletWebServerApplicationContext : Exception encountered during context initialization - cancelling refresh attempt: org.springframework.beans.factory.UnsatisfiedDependencyException: Error creating bean with name 'scanSettingsClientImpl' defined in URL [jar:file:/C:/Users/Eduard.Pliushch/projects/bookstore/CxFlow/cx-flow-1.6.39.jar!/BOOT-INF/lib/cx-spring-boot-sdk-0.5.37.jar!/com/checkmarx/sdk/service/ScanSettingsClientImpl.class]: Unsatisfied dependency expressed through constructor parameter 2; nested exception is org.springframework.beans.factory.UnsatisfiedDependencyException: Error creating bean with name 'cxAuthService' defined in URL [jar:file:/C:/Users/Eduard.Pliushch/projects/bookstore/CxFlow/cx-flow-1.6.39.jar!/BOOT-INF/lib/cx-spring-boot-sdk-0.5.37.jar!/com/checkmarx/sdk/service/CxAuthService.class]: Unsatisfied dependency expressed through constructor parameter 1; nested exception is org.springframework.beans.factory.UnsatisfiedDependencyException: Error creating bean with name 'cxLegacyService' defined in URL [jar:file:/C:/Users/Eduard.Pliushch/projects/bookstore/CxFlow/cx-flow-1.6.39.jar!/BOOT-INF/lib/cx-spring-boot-sdk-0.5.37.jar!/com/checkmarx/sdk/service/CxLegacyService.class]: Unsatisfied dependency expressed through constructor parameter 1; nested exception is org.springframework.beans.factory.UnsatisfiedDependencyException: Error creating bean with name 'webServiceTemplate' defined in class path resource [com/checkmarx/sdk/config/SpringConfiguration.class]: Unsatisfied dependency expressed through method 'webServiceTemplate' parameter 0; nested exception is org.springframework.beans.factory.BeanCreationException: Error creating bean with name 'marshaller' defined in class path resource [com/checkmarx/sdk/config/SpringConfiguration.class]: Invocation of init method failed; nested exception is java.lang.ExceptionInInitializerError
2023-02-06 15:36:36.849  INFO 2568 --- [main] o.apache.catalina.core.StandardService   : Stopping service [Tomcat]
2023-02-06 15:36:36.860  INFO 2568 --- [main] ConditionEvaluationReportLoggingListener : 

Error starting ApplicationContext. To display the conditions report re-run your application with 'debug' enabled.
2023-02-06 15:36:36.909 ERROR 2568 --- [main] o.s.boot.SpringApplication               : Application run failed

org.springframework.beans.factory.UnsatisfiedDependencyException: Error creating bean with name 'scanSettingsClientImpl' defined in URL [jar:file:/C:/Users/Eduard.Pliushch/projects/bookstore/CxFlow/cx-flow-1.6.39.jar!/BOOT-INF/lib/cx-spring-boot-sdk-0.5.37.jar!/com/checkmarx/sdk/service/ScanSettingsClientImpl.class]: Unsatisfied dependency expressed through constructor parameter 2; nested exception is org.springframework.beans.factory.UnsatisfiedDependencyException: Error creating bean with name 'cxAuthService' defined in URL [jar:file:/C:/Users/Eduard.Pliushch/projects/bookstore/CxFlow/cx-flow-1.6.39.jar!/BOOT-INF/lib/cx-spring-boot-sdk-0.5.37.jar!/com/checkmarx/sdk/service/CxAuthService.class]: Unsatisfied dependency expressed through constructor parameter 1; nested exception is org.springframework.beans.factory.UnsatisfiedDependencyException: Error creating bean with name 'cxLegacyService' defined in URL [jar:file:/C:/Users/Eduard.Pliushch/projects/bookstore/CxFlow/cx-flow-1.6.39.jar!/BOOT-INF/lib/cx-spring-boot-sdk-0.5.37.jar!/com/checkmarx/sdk/service/CxLegacyService.class]: Unsatisfied dependency expressed through constructor parameter 1; nested exception is org.springframework.beans.factory.UnsatisfiedDependencyException: Error creating bean with name 'webServiceTemplate' defined in class path resource [com/checkmarx/sdk/config/SpringConfiguration.class]: Unsatisfied dependency expressed through method 'webServiceTemplate' parameter 0; nested exception is org.springframework.beans.factory.BeanCreationException: Error creating bean with name 'marshaller' defined in class path resource [com/checkmarx/sdk/config/SpringConfiguration.class]: Invocation of init method failed; nested exception is java.lang.ExceptionInInitializerError
	at org.springframework.beans.factory.support.ConstructorResolver.createArgumentArray(ConstructorResolver.java:800)
	at org.springframework.beans.factory.support.ConstructorResolver.autowireConstructor(ConstructorResolver.java:229)
	at org.springframework.beans.factory.support.AbstractAutowireCapableBeanFactory.autowireConstructor(AbstractAutowireCapableBeanFactory.java:1372)
	at org.springframework.beans.factory.support.AbstractAutowireCapableBeanFactory.createBeanInstance(AbstractAutowireCapableBeanFactory.java:1222)
	at org.springframework.beans.factory.support.AbstractAutowireCapableBeanFactory.doCreateBean(AbstractAutowireCapableBeanFactory.java:582)
	at org.springframework.beans.factory.support.AbstractAutowireCapableBeanFactory.createBean(AbstractAutowireCapableBeanFactory.java:542)
	at org.springframework.beans.factory.support.AbstractBeanFactory.lambda$doGetBean$0(AbstractBeanFactory.java:335)
	at org.springframework.beans.factory.support.DefaultSingletonBeanRegistry.getSingleton(DefaultSingletonBeanRegistry.java:234)
	at org.springframework.beans.factory.support.AbstractBeanFactory.doGetBean(AbstractBeanFactory.java:333)
	at org.springframework.beans.factory.support.AbstractBeanFactory.getBean(AbstractBeanFactory.java:208)
	at org.springframework.beans.factory.support.DefaultListableBeanFactory.preInstantiateSingletons(DefaultListableBeanFactory.java:953)
	at org.springframework.context.support.AbstractApplicationContext.finishBeanFactoryInitialization(AbstractApplicationContext.java:918)
	at org.springframework.context.support.AbstractApplicationContext.refresh(AbstractApplicationContext.java:583)
	at org.springframework.boot.web.servlet.context.ServletWebServerApplicationContext.refresh(ServletWebServerApplicationContext.java:147)
	at org.springframework.boot.SpringApplication.refresh(SpringApplication.java:734)
	at org.springframework.boot.SpringApplication.refreshContext(SpringApplication.java:408)
	at org.springframework.boot.SpringApplication.run(SpringApplication.java:308)
	at org.springframework.boot.SpringApplication.run(SpringApplication.java:1306)
	at org.springframework.boot.SpringApplication.run(SpringApplication.java:1295)
	at com.checkmarx.flow.CxFlowApplication.main(CxFlowApplication.java:23)
	at java.base/jdk.internal.reflect.DirectMethodHandleAccessor.invoke(DirectMethodHandleAccessor.java:104)
	at java.base/java.lang.reflect.Method.invoke(Method.java:578)
	at org.springframework.boot.loader.MainMethodRunner.run(MainMethodRunner.java:49)
	at org.springframework.boot.loader.Launcher.launch(Launcher.java:108)
	at org.springframework.boot.loader.Launcher.launch(Launcher.java:58)
	at org.springframework.boot.loader.JarLauncher.main(JarLauncher.java:65)
Caused by: org.springframework.beans.factory.UnsatisfiedDependencyException: Error creating bean with name 'cxAuthService' defined in URL [jar:file:/C:/Users/Eduard.Pliushch/projects/bookstore/CxFlow/cx-flow-1.6.39.jar!/BOOT-INF/lib/cx-spring-boot-sdk-0.5.37.jar!/com/checkmarx/sdk/service/CxAuthService.class]: Unsatisfied dependency expressed through constructor parameter 1; nested exception is org.springframework.beans.factory.UnsatisfiedDependencyException: Error creating bean with name 'cxLegacyService' defined in URL [jar:file:/C:/Users/Eduard.Pliushch/projects/bookstore/CxFlow/cx-flow-1.6.39.jar!/BOOT-INF/lib/cx-spring-boot-sdk-0.5.37.jar!/com/checkmarx/sdk/service/CxLegacyService.class]: Unsatisfied dependency expressed through constructor parameter 1; nested exception is org.springframework.beans.factory.UnsatisfiedDependencyException: Error creating bean with name 'webServiceTemplate' defined in class path resource [com/checkmarx/sdk/config/SpringConfiguration.class]: Unsatisfied dependency expressed through method 'webServiceTemplate' parameter 0; nested exception is org.springframework.beans.factory.BeanCreationException: Error creating bean with name 'marshaller' defined in class path resource [com/checkmarx/sdk/config/SpringConfiguration.class]: Invocation of init method failed; nested exception is java.lang.ExceptionInInitializerError
	at org.springframework.beans.factory.support.ConstructorResolver.createArgumentArray(ConstructorResolver.java:800)
	at org.springframework.beans.factory.support.ConstructorResolver.autowireConstructor(ConstructorResolver.java:229)
	at org.springframework.beans.factory.support.AbstractAutowireCapableBeanFactory.autowireConstructor(AbstractAutowireCapableBeanFactory.java:1372)
	at org.springframework.beans.factory.support.AbstractAutowireCapableBeanFactory.createBeanInstance(AbstractAutowireCapableBeanFactory.java:1222)
	at org.springframework.beans.factory.support.AbstractAutowireCapableBeanFactory.doCreateBean(AbstractAutowireCapableBeanFactory.java:582)
	at org.springframework.beans.factory.support.AbstractAutowireCapableBeanFactory.createBean(AbstractAutowireCapableBeanFactory.java:542)
	at org.springframework.beans.factory.support.AbstractBeanFactory.lambda$doGetBean$0(AbstractBeanFactory.java:335)
	at org.springframework.beans.factory.support.DefaultSingletonBeanRegistry.getSingleton(DefaultSingletonBeanRegistry.java:234)
	at org.springframework.beans.factory.support.AbstractBeanFactory.doGetBean(AbstractBeanFactory.java:333)
	at org.springframework.beans.factory.support.AbstractBeanFactory.getBean(AbstractBeanFactory.java:208)
	at org.springframework.beans.factory.config.DependencyDescriptor.resolveCandidate(DependencyDescriptor.java:276)
	at org.springframework.beans.factory.support.DefaultListableBeanFactory.doResolveDependency(DefaultListableBeanFactory.java:1389)
	at org.springframework.beans.factory.support.DefaultListableBeanFactory.resolveDependency(DefaultListableBeanFactory.java:1309)
	at org.springframework.beans.factory.support.ConstructorResolver.resolveAutowiredArgument(ConstructorResolver.java:887)
	at org.springframework.beans.factory.support.ConstructorResolver.createArgumentArray(ConstructorResolver.java:791)
	... 25 common frames omitted
Caused by: org.springframework.beans.factory.UnsatisfiedDependencyException: Error creating bean with name 'cxLegacyService' defined in URL [jar:file:/C:/Users/Eduard.Pliushch/projects/bookstore/CxFlow/cx-flow-1.6.39.jar!/BOOT-INF/lib/cx-spring-boot-sdk-0.5.37.jar!/com/checkmarx/sdk/service/CxLegacyService.class]: Unsatisfied dependency expressed through constructor parameter 1; nested exception is org.springframework.beans.factory.UnsatisfiedDependencyException: Error creating bean with name 'webServiceTemplate' defined in class path resource [com/checkmarx/sdk/config/SpringConfiguration.class]: Unsatisfied dependency expressed through method 'webServiceTemplate' parameter 0; nested exception is org.springframework.beans.factory.BeanCreationException: Error creating bean with name 'marshaller' defined in class path resource [com/checkmarx/sdk/config/SpringConfiguration.class]: Invocation of init method failed; nested exception is java.lang.ExceptionInInitializerError
	at org.springframework.beans.factory.support.ConstructorResolver.createArgumentArray(ConstructorResolver.java:800)
	at org.springframework.beans.factory.support.ConstructorResolver.autowireConstructor(ConstructorResolver.java:229)
	at org.springframework.beans.factory.support.AbstractAutowireCapableBeanFactory.autowireConstructor(AbstractAutowireCapableBeanFactory.java:1372)
	at org.springframework.beans.factory.support.AbstractAutowireCapableBeanFactory.createBeanInstance(AbstractAutowireCapableBeanFactory.java:1222)
	at org.springframework.beans.factory.support.AbstractAutowireCapableBeanFactory.doCreateBean(AbstractAutowireCapableBeanFactory.java:582)
	at org.springframework.beans.factory.support.AbstractAutowireCapableBeanFactory.createBean(AbstractAutowireCapableBeanFactory.java:542)
	at org.springframework.beans.factory.support.AbstractBeanFactory.lambda$doGetBean$0(AbstractBeanFactory.java:335)
	at org.springframework.beans.factory.support.DefaultSingletonBeanRegistry.getSingleton(DefaultSingletonBeanRegistry.java:234)
	at org.springframework.beans.factory.support.AbstractBeanFactory.doGetBean(AbstractBeanFactory.java:333)
	at org.springframework.beans.factory.support.AbstractBeanFactory.getBean(AbstractBeanFactory.java:208)
	at org.springframework.beans.factory.config.DependencyDescriptor.resolveCandidate(DependencyDescriptor.java:276)
	at org.springframework.beans.factory.support.DefaultListableBeanFactory.doResolveDependency(DefaultListableBeanFactory.java:1389)
	at org.springframework.beans.factory.support.DefaultListableBeanFactory.resolveDependency(DefaultListableBeanFactory.java:1309)
	at org.springframework.beans.factory.support.ConstructorResolver.resolveAutowiredArgument(ConstructorResolver.java:887)
	at org.springframework.beans.factory.support.ConstructorResolver.createArgumentArray(ConstructorResolver.java:791)
	... 39 common frames omitted
Caused by: org.springframework.beans.factory.UnsatisfiedDependencyException: Error creating bean with name 'webServiceTemplate' defined in class path resource [com/checkmarx/sdk/config/SpringConfiguration.class]: Unsatisfied dependency expressed through method 'webServiceTemplate' parameter 0; nested exception is org.springframework.beans.factory.BeanCreationException: Error creating bean with name 'marshaller' defined in class path resource [com/checkmarx/sdk/config/SpringConfiguration.class]: Invocation of init method failed; nested exception is java.lang.ExceptionInInitializerError
	at org.springframework.beans.factory.support.ConstructorResolver.createArgumentArray(ConstructorResolver.java:800)
	at org.springframework.beans.factory.support.ConstructorResolver.instantiateUsingFactoryMethod(ConstructorResolver.java:541)
	at org.springframework.beans.factory.support.AbstractAutowireCapableBeanFactory.instantiateUsingFactoryMethod(AbstractAutowireCapableBeanFactory.java:1352)
	at org.springframework.beans.factory.support.AbstractAutowireCapableBeanFactory.createBeanInstance(AbstractAutowireCapableBeanFactory.java:1195)
	at org.springframework.beans.factory.support.AbstractAutowireCapableBeanFactory.doCreateBean(AbstractAutowireCapableBeanFactory.java:582)
	at org.springframework.beans.factory.support.AbstractAutowireCapableBeanFactory.createBean(AbstractAutowireCapableBeanFactory.java:542)
	at org.springframework.beans.factory.support.AbstractBeanFactory.lambda$doGetBean$0(AbstractBeanFactory.java:335)
	at org.springframework.beans.factory.support.DefaultSingletonBeanRegistry.getSingleton(DefaultSingletonBeanRegistry.java:234)
	at org.springframework.beans.factory.support.AbstractBeanFactory.doGetBean(AbstractBeanFactory.java:333)
	at org.springframework.beans.factory.support.AbstractBeanFactory.getBean(AbstractBeanFactory.java:208)
	at org.springframework.beans.factory.config.DependencyDescriptor.resolveCandidate(DependencyDescriptor.java:276)
	at org.springframework.beans.factory.support.DefaultListableBeanFactory.doResolveDependency(DefaultListableBeanFactory.java:1389)
	at org.springframework.beans.factory.support.DefaultListableBeanFactory.resolveDependency(DefaultListableBeanFactory.java:1309)
	at org.springframework.beans.factory.support.ConstructorResolver.resolveAutowiredArgument(ConstructorResolver.java:887)
	at org.springframework.beans.factory.support.ConstructorResolver.createArgumentArray(ConstructorResolver.java:791)
	... 53 common frames omitted
Caused by: org.springframework.beans.factory.BeanCreationException: Error creating bean with name 'marshaller' defined in class path resource [com/checkmarx/sdk/config/SpringConfiguration.class]: Invocation of init method failed; nested exception is java.lang.ExceptionInInitializerError
	at org.springframework.beans.factory.support.AbstractAutowireCapableBeanFactory.initializeBean(AbstractAutowireCapableBeanFactory.java:1804)
	at org.springframework.beans.factory.support.AbstractAutowireCapableBeanFactory.doCreateBean(AbstractAutowireCapableBeanFactory.java:620)
	at org.springframework.beans.factory.support.AbstractAutowireCapableBeanFactory.createBean(AbstractAutowireCapableBeanFactory.java:542)
	at org.springframework.beans.factory.support.AbstractBeanFactory.lambda$doGetBean$0(AbstractBeanFactory.java:335)
	at org.springframework.beans.factory.support.DefaultSingletonBeanRegistry.getSingleton(DefaultSingletonBeanRegistry.java:234)
	at org.springframework.beans.factory.support.AbstractBeanFactory.doGetBean(AbstractBeanFactory.java:333)
	at org.springframework.beans.factory.support.AbstractBeanFactory.getBean(AbstractBeanFactory.java:208)
	at org.springframework.beans.factory.config.DependencyDescriptor.resolveCandidate(DependencyDescriptor.java:276)
	at org.springframework.beans.factory.support.DefaultListableBeanFactory.doResolveDependency(DefaultListableBeanFactory.java:1389)
	at org.springframework.beans.factory.support.DefaultListableBeanFactory.resolveDependency(DefaultListableBeanFactory.java:1309)
	at org.springframework.beans.factory.support.ConstructorResolver.resolveAutowiredArgument(ConstructorResolver.java:887)
	at org.springframework.beans.factory.support.ConstructorResolver.createArgumentArray(ConstructorResolver.java:791)
	... 67 common frames omitted
Caused by: java.lang.ExceptionInInitializerError: null
	at com.sun.xml.bind.v2.runtime.reflect.opt.AccessorInjector.prepare(AccessorInjector.java:83)
	at com.sun.xml.bind.v2.runtime.reflect.opt.OptimizedAccessorFactory.get(OptimizedAccessorFactory.java:176)
	at com.sun.xml.bind.v2.runtime.reflect.Accessor$FieldReflection.optimize(Accessor.java:282)
	at com.sun.xml.bind.v2.runtime.property.SingleElementLeafProperty.<init>(SingleElementLeafProperty.java:87)
	at java.base/jdk.internal.reflect.DirectConstructorHandleAccessor.newInstance(DirectConstructorHandleAccessor.java:67)
	at java.base/java.lang.reflect.Constructor.newInstanceWithCaller(Constructor.java:500)
	at java.base/java.lang.reflect.Constructor.newInstance(Constructor.java:484)
	at com.sun.xml.bind.v2.runtime.property.PropertyFactory.create(PropertyFactory.java:128)
	at com.sun.xml.bind.v2.runtime.ClassBeanInfoImpl.<init>(ClassBeanInfoImpl.java:183)
	at com.sun.xml.bind.v2.runtime.JAXBContextImpl.getOrCreate(JAXBContextImpl.java:532)
	at com.sun.xml.bind.v2.runtime.JAXBContextImpl.<init>(JAXBContextImpl.java:347)
	at com.sun.xml.bind.v2.runtime.JAXBContextImpl$JAXBContextBuilder.build(JAXBContextImpl.java:1170)
	at com.sun.xml.bind.v2.ContextFactory.createContext(ContextFactory.java:145)
	at com.sun.xml.bind.v2.ContextFactory.createContext(ContextFactory.java:236)
	at java.base/jdk.internal.reflect.DirectMethodHandleAccessor.invoke(DirectMethodHandleAccessor.java:104)
	at java.base/java.lang.reflect.Method.invoke(Method.java:578)
	at javax.xml.bind.ContextFinder.newInstance(ContextFinder.java:171)
	at javax.xml.bind.ContextFinder.newInstance(ContextFinder.java:129)
	at javax.xml.bind.ContextFinder.find(ContextFinder.java:307)
	at javax.xml.bind.JAXBContext.newInstance(JAXBContext.java:478)
	at javax.xml.bind.JAXBContext.newInstance(JAXBContext.java:435)
	at org.springframework.oxm.jaxb.Jaxb2Marshaller.createJaxbContextFromContextPath(Jaxb2Marshaller.java:537)
	at org.springframework.oxm.jaxb.Jaxb2Marshaller.getJaxbContext(Jaxb2Marshaller.java:500)
	at org.springframework.oxm.jaxb.Jaxb2Marshaller.afterPropertiesSet(Jaxb2Marshaller.java:480)
	at org.springframework.beans.factory.support.AbstractAutowireCapableBeanFactory.invokeInitMethods(AbstractAutowireCapableBeanFactory.java:1863)
	at org.springframework.beans.factory.support.AbstractAutowireCapableBeanFactory.initializeBean(AbstractAutowireCapableBeanFactory.java:1800)
	... 78 common frames omitted
Caused by: java.lang.reflect.InaccessibleObjectException: Unable to make protected final java.lang.Class java.lang.ClassLoader.defineClass(java.lang.String,byte[],int,int) throws java.lang.ClassFormatError accessible: module java.base does not "opens java.lang" to unnamed module @21bcffb5
	at java.base/java.lang.reflect.AccessibleObject.throwInaccessibleObjectException(AccessibleObject.java:387)
	at java.base/java.lang.reflect.AccessibleObject.checkCanSetAccessible(AccessibleObject.java:363)
	at java.base/java.lang.reflect.AccessibleObject.checkCanSetAccessible(AccessibleObject.java:311)
	at java.base/java.lang.reflect.Method.checkCanSetAccessible(Method.java:201)
	at java.base/java.lang.reflect.Method.setAccessible(Method.java:195)
	at com.sun.xml.bind.v2.runtime.reflect.opt.Injector$1.run(Injector.java:177)
	at com.sun.xml.bind.v2.runtime.reflect.opt.Injector$1.run(Injector.java:174)
	at java.base/java.security.AccessController.doPrivileged(AccessController.java:318)
	at com.sun.xml.bind.v2.runtime.reflect.opt.Injector.<clinit>(Injector.java:172)
	... 104 common frames omitted

